[debug] [2024-03-26T04:43:44.469Z] ----------------------------------------------------------------------
[debug] [2024-03-26T04:43:44.473Z] Command:       C:\Program Files\nodejs\node.exe C:\Users\jenis\AppData\Roaming\npm\node_modules\firebase-tools\lib\bin\firebase.js init
[debug] [2024-03-26T04:43:44.473Z] CLI Version:   13.5.2
[debug] [2024-03-26T04:43:44.474Z] Platform:      win32
[debug] [2024-03-26T04:43:44.475Z] Node Version:  v18.17.1
[debug] [2024-03-26T04:43:44.476Z] Time:          Tue Mar 26 2024 10:13:44 GMT+0530 (India Standard Time)
[debug] [2024-03-26T04:43:44.477Z] ----------------------------------------------------------------------
[debug] 
[debug] [2024-03-26T04:43:44.491Z] > command requires scopes: ["email","openid","https://www.googleapis.com/auth/cloudplatformprojects.readonly","https://www.googleapis.com/auth/firebase","https://www.googleapis.com/auth/cloud-platform"]
[debug] [2024-03-26T04:43:44.492Z] > authorizing via signed-in user (mr.jenish67@gmail.com)
[info] 
     ######## #### ########  ######## ########     ###     ######  ########
     ##        ##  ##     ## ##       ##     ##  ##   ##  ##       ##
     ######    ##  ########  ######   ########  #########  ######  ######
     ##        ##  ##    ##  ##       ##     ## ##     ##       ## ##
     ##       #### ##     ## ######## ########  ##     ##  ######  ########

You're about to initialize a Firebase project in this directory:

  C:\Users\jenis\Desktop\Live Projects\church-final

[debug] [2024-03-26T04:49:07.827Z] ----------------------------------------------------------------------
[debug] [2024-03-26T04:49:07.830Z] Command:       C:\Program Files\nodejs\node.exe C:\Users\jenis\AppData\Roaming\npm\node_modules\firebase-tools\lib\bin\firebase.js init
[debug] [2024-03-26T04:49:07.830Z] CLI Version:   13.5.2
[debug] [2024-03-26T04:49:07.831Z] Platform:      win32
[debug] [2024-03-26T04:49:07.831Z] Node Version:  v18.17.1
[debug] [2024-03-26T04:49:07.832Z] Time:          Tue Mar 26 2024 10:19:07 GMT+0530 (India Standard Time)
[debug] [2024-03-26T04:49:07.832Z] ----------------------------------------------------------------------
[debug] 
[debug] [2024-03-26T04:49:07.843Z] > command requires scopes: ["email","openid","https://www.googleapis.com/auth/cloudplatformprojects.readonly","https://www.googleapis.com/auth/firebase","https://www.googleapis.com/auth/cloud-platform"]
[debug] [2024-03-26T04:49:07.844Z] > authorizing via signed-in user (mr.jenish67@gmail.com)
[info] 
     ######## #### ########  ######## ########     ###     ######  ########
     ##        ##  ##     ## ##       ##     ##  ##   ##  ##       ##
     ######    ##  ########  ######   ########  #########  ######  ######
     ##        ##  ##    ##  ##       ##     ## ##     ##       ## ##
     ##       #### ##     ## ######## ########  ##     ##  ######  ########

You're about to initialize a Firebase project in this directory:

  C:\Users\jenis\Desktop\Live Projects\church-final

